g:\workspace\zfnest\debug\zfnest.pch
g:\workspace\zfnest\debug\vc142.pdb
g:\workspace\zfnest\debug\vc142.idb
g:\workspace\zfnest\debug\pch.obj
g:\workspace\zfnest\debug\zfnestview.obj
g:\workspace\zfnest\debug\zfnestdoc.obj
g:\workspace\zfnest\debug\zfnest.obj
g:\workspace\zfnest\debug\viewtree.obj
g:\workspace\zfnest\debug\test_creationclass.obj
g:\workspace\zfnest\debug\propertieswnd.obj
g:\workspace\zfnest\debug\outputwnd.obj
g:\workspace\zfnest\debug\mainfrm.obj
g:\workspace\zfnest\debug\fileview.obj
g:\workspace\zfnest\debug\dl_writer_ascii.obj
g:\workspace\zfnest\debug\dl_dxf.obj
g:\workspace\zfnest\debug\classview.obj
g:\workspace\zfnest\debug\split.obj
g:\workspace\zfnest\debug\rsecc.obj
g:\workspace\zfnest\debug\qrspec.obj
g:\workspace\zfnest\debug\qrinput.obj
g:\workspace\zfnest\debug\qrencode.obj
g:\workspace\zfnest\debug\qrenc.obj
g:\workspace\zfnest\debug\mqrspec.obj
g:\workspace\zfnest\debug\mmask.obj
g:\workspace\zfnest\debug\mask.obj
g:\workspace\zfnest\debug\bitstream.obj
g:\workspace\zfnest\debug\getopt.obj
g:\workspace\zfnest\debug\zfnest.ilk
g:\workspace\zfnest\debug\zfnest.exe
g:\workspace\zfnest\debug\zfnest.pdb
g:\workspace\zfnest\debug\zfnest.res
g:\workspace\zfnest\debug\zfnest.lib
g:\workspace\zfnest\debug\zfnest.exp
g:\workspace\zfnest\debug\zfnest.tlog\cl.command.1.tlog
g:\workspace\zfnest\debug\zfnest.tlog\cl.read.1.tlog
g:\workspace\zfnest\debug\zfnest.tlog\cl.write.1.tlog
g:\workspace\zfnest\debug\zfnest.tlog\link.command.1.tlog
g:\workspace\zfnest\debug\zfnest.tlog\link.read.1.tlog
g:\workspace\zfnest\debug\zfnest.tlog\link.write.1.tlog
g:\workspace\zfnest\debug\zfnest.tlog\rc.command.1.tlog
g:\workspace\zfnest\debug\zfnest.tlog\rc.read.1.tlog
g:\workspace\zfnest\debug\zfnest.tlog\rc.write.1.tlog
g:\workspace\zfnest\debug\zfnest.tlog\zfnest.write.1u.tlog
